In file included from [01m[K/home/quinton/tritonrobotics/training/tr-autonomy-2-rxlc/src/solution/src/targetting.cpp:1[m[K:
[01m[K/home/quinton/tritonrobotics/training/tr-autonomy-2-rxlc/src/solution/src/targetting.h:17:41:[m[K [01;31m[Kerror: [m[Kâ€˜[01m[KFloat32Msg[m[Kâ€™ does not name a type
   17 |         void currentAngleCallback(const [01;31m[KFloat32Msg[m[K::SharedPtr msg);
      |                                         [01;31m[K^~~~~~~~~~[m[K
[01m[K/home/quinton/tritonrobotics/training/tr-autonomy-2-rxlc/src/solution/src/targetting.h:17:63:[m[K [01;31m[Kerror: [m[Kexpected unqualified-id before â€˜[01m[Kmsg[m[Kâ€™
   17 |         void currentAngleCallback(const Float32Msg::SharedPtr [01;31m[Kmsg[m[K);
      |                                                               [01;31m[K^~~[m[K
[01m[K/home/quinton/tritonrobotics/training/tr-autonomy-2-rxlc/src/solution/src/targetting.h:17:62:[m[K [01;31m[Kerror: [m[Kexpected â€˜[01m[K)[m[Kâ€™ before â€˜[01m[Kmsg[m[Kâ€™
   17 |         void currentAngleCallback[34m[K([m[Kconst Float32Msg::SharedPtr[01;31m[K [m[K[32m[Kmsg[m[K);
      |                                  [34m[K~[m[K                           [01;31m[K^[m[K[32m[K~~~[m[K
      |                                                              [32m[K)[m[K
[01m[K/home/quinton/tritonrobotics/training/tr-autonomy-2-rxlc/src/solution/src/targetting.h:17:53:[m[K [01;31m[Kerror: [m[Kexpected â€˜[01m[K;[m[Kâ€™ at end of member declaration
   17 |         void currentAngleCallback(const Float32Msg::[01;31m[KSharedPtr[m[K msg);
      |                                                     [01;31m[K^~~~~~~~~[m[K
      |                                                              [32m[K;[m[K
[01m[K/home/quinton/tritonrobotics/training/tr-autonomy-2-rxlc/src/solution/src/targetting.h:17:63:[m[K [01;31m[Kerror: [m[Kâ€˜[01m[Kmsg[m[Kâ€™ does not name a type
   17 |         void currentAngleCallback(const Float32Msg::SharedPtr [01;31m[Kmsg[m[K);
      |                                                               [01;31m[K^~~[m[K
[01m[K/home/quinton/tritonrobotics/training/tr-autonomy-2-rxlc/src/solution/src/targetting.h:20:30:[m[K [01;31m[Kerror: [m[Kâ€˜[01m[KFloat32Msg[m[Kâ€™ was not declared in this scope
   20 |         rclcpp::Subscription<[01;31m[KFloat32Msg[m[K>::SharedPtr current_angle_sub_;
      |                              [01;31m[K^~~~~~~~~~[m[K
[01m[K/home/quinton/tritonrobotics/training/tr-autonomy-2-rxlc/src/solution/src/targetting.h:20:40:[m[K [01;31m[Kerror: [m[Ktemplate argument 1 is invalid
   20 |         rclcpp::Subscription<Float32Msg[01;31m[K>[m[K::SharedPtr current_angle_sub_;
      |                                        [01;31m[K^[m[K
[01m[K/home/quinton/tritonrobotics/training/tr-autonomy-2-rxlc/src/solution/src/targetting.h:20:40:[m[K [01;31m[Kerror: [m[Ktemplate argument 3 is invalid
[01m[K/home/quinton/tritonrobotics/training/tr-autonomy-2-rxlc/src/solution/src/targetting.h:20:40:[m[K [01;31m[Kerror: [m[Ktemplate argument 4 is invalid
[01m[K/home/quinton/tritonrobotics/training/tr-autonomy-2-rxlc/src/solution/src/targetting.h:20:40:[m[K [01;31m[Kerror: [m[Ktemplate argument 5 is invalid
[01m[K/home/quinton/tritonrobotics/training/tr-autonomy-2-rxlc/src/solution/src/targetting.h:20:43:[m[K [01;31m[Kerror: [m[Kexpected â€˜[01m[K;[m[Kâ€™ at end of member declaration
   20 |         rclcpp::Subscription<Float32Msg>::[01;31m[KSharedPtr[m[K current_angle_sub_;
      |                                           [01;31m[K^~~~~~~~~[m[K
      |                                                    [32m[K;[m[K
[01m[K/home/quinton/tritonrobotics/training/tr-autonomy-2-rxlc/src/solution/src/targetting.h:20:53:[m[K [01;31m[Kerror: [m[Kâ€˜[01m[Kcurrent_angle_sub_[m[Kâ€™ does not name a type
   20 |         rclcpp::Subscription<Float32Msg>::SharedPtr [01;31m[Kcurrent_angle_sub_[m[K;
      |                                                     [01;31m[K^~~~~~~~~~~~~~~~~~[m[K
[01m[K/home/quinton/tritonrobotics/training/tr-autonomy-2-rxlc/src/solution/src/targetting.h:22:27:[m[K [01;31m[Kerror: [m[Kâ€˜[01m[KFloat32Msg[m[Kâ€™ was not declared in this scope
   22 |         rclcpp::Publisher<[01;31m[KFloat32Msg[m[K>::SharedPtr desired_angle_pub;
      |                           [01;31m[K^~~~~~~~~~[m[K
[01m[K/home/quinton/tritonrobotics/training/tr-autonomy-2-rxlc/src/solution/src/targetting.h:22:37:[m[K [01;31m[Kerror: [m[Ktemplate argument 1 is invalid
   22 |         rclcpp::Publisher<Float32Msg[01;31m[K>[m[K::SharedPtr desired_angle_pub;
      |                                     [01;31m[K^[m[K
[01m[K/home/quinton/tritonrobotics/training/tr-autonomy-2-rxlc/src/solution/src/targetting.h:22:40:[m[K [01;31m[Kerror: [m[Kexpected â€˜[01m[K;[m[Kâ€™ at end of member declaration
   22 |         rclcpp::Publisher<Float32Msg>::[01;31m[KSharedPtr[m[K desired_angle_pub;
      |                                        [01;31m[K^~~~~~~~~[m[K
      |                                                 [32m[K;[m[K
[01m[K/home/quinton/tritonrobotics/training/tr-autonomy-2-rxlc/src/solution/src/targetting.h:22:40:[m[K [01;31m[Kerror: [m[Kredeclaration of â€˜[01m[Kint Targetting::SharedPtr[m[Kâ€™
[01m[K/home/quinton/tritonrobotics/training/tr-autonomy-2-rxlc/src/solution/src/targetting.h:20:43:[m[K [01;36m[Knote: [m[Kprevious declaration â€˜[01m[Kint Targetting::SharedPtr[m[Kâ€™
   20 |         rclcpp::Subscription<Float32Msg>::[01;36m[KSharedPtr[m[K current_angle_sub_;
      |                                           [01;36m[K^~~~~~~~~[m[K
[01m[K/home/quinton/tritonrobotics/training/tr-autonomy-2-rxlc/src/solution/src/targetting.h:22:50:[m[K [01;31m[Kerror: [m[Kâ€˜[01m[Kdesired_angle_pub[m[Kâ€™ does not name a type
   22 |         rclcpp::Publisher<Float32Msg>::SharedPtr [01;31m[Kdesired_angle_pub[m[K;
      |                                                  [01;31m[K^~~~~~~~~~~~~~~~~[m[K
[01m[K/home/quinton/tritonrobotics/training/tr-autonomy-2-rxlc/src/solution/src/targetting.cpp:[m[K In constructor â€˜[01m[KTargetting::Targetting()[m[Kâ€™:
[01m[K/home/quinton/tritonrobotics/training/tr-autonomy-2-rxlc/src/solution/src/targetting.cpp:13:5:[m[K [01;31m[Kerror: [m[Kâ€˜[01m[Kcurrent_angle_sub[m[Kâ€™ was not declared in this scope; did you mean â€˜[01m[Kcurrent_angle[m[Kâ€™?
   13 |     [01;31m[Kcurrent_angle_sub[m[K = this->create_subscription<Float32Msg>(
      |     [01;31m[K^~~~~~~~~~~~~~~~~[m[K
      |     [32m[Kcurrent_angle[m[K
[01m[K/home/quinton/tritonrobotics/training/tr-autonomy-2-rxlc/src/solution/src/targetting.cpp:13:51:[m[K [01;31m[Kerror: [m[Kâ€˜[01m[KFloat32Msg[m[Kâ€™ was not declared in this scope
   13 |     current_angle_sub = this->create_subscription<[01;31m[KFloat32Msg[m[K>(
      |                                                   [01;31m[K^~~~~~~~~~[m[K
[01m[K/home/quinton/tritonrobotics/training/tr-autonomy-2-rxlc/src/solution/src/targetting.cpp:14:82:[m[K [01;31m[Kerror: [m[Kâ€˜[01m[K_1[m[Kâ€™ was not declared in this scope; did you mean â€˜[01m[Kstd::placeholders::_1[m[Kâ€™?
   14 | nt_angle", 10, std::bind(&Targetting::currentAngleCallback, this, [01;31m[K_1[m[K));
      |                                                                   [01;31m[K^~[m[K
      |                                                                   [32m[Kstd::placeholders::_1[m[K
In file included from [01m[K/usr/include/c++/11/pstl/glue_algorithm_defs.h:13[m[K,
                 from [01m[K/usr/include/c++/11/algorithm:74[m[K,
                 from [01m[K/opt/ros/humble/include/rclcpp/rclcpp/executor.hpp:18[m[K,
                 from [01m[K/opt/ros/humble/include/rclcpp/rclcpp/executors/multi_threaded_executor.hpp:25[m[K,
                 from [01m[K/opt/ros/humble/include/rclcpp/rclcpp/executors.hpp:21[m[K,
                 from [01m[K/opt/ros/humble/include/rclcpp/rclcpp/rclcpp.hpp:155[m[K,
                 from [01m[K/home/quinton/tritonrobotics/training/tr-autonomy-2-rxlc/src/solution/src/targetting.h:4[m[K,
                 from [01m[K/home/quinton/tritonrobotics/training/tr-autonomy-2-rxlc/src/solution/src/targetting.cpp:1[m[K:
[01m[K/usr/include/c++/11/functional:225:34:[m[K [01;36m[Knote: [m[Kâ€˜[01m[Kstd::placeholders::_1[m[Kâ€™ declared here
  225 |     extern const _Placeholder<1> [01;36m[K_1[m[K;
      |                                  [01;36m[K^~[m[K
[01m[K/home/quinton/tritonrobotics/training/tr-autonomy-2-rxlc/src/solution/src/targetting.cpp:16:5:[m[K [01;31m[Kerror: [m[Kâ€˜[01m[Kdesired_angle_pub[m[Kâ€™ was not declared in this scope
   16 |     [01;31m[Kdesired_angle_pub[m[K = this->create_publisher<Float32Msg>(
      |     [01;31m[K^~~~~~~~~~~~~~~~~[m[K
[01m[K/home/quinton/tritonrobotics/training/tr-autonomy-2-rxlc/src/solution/src/targetting.cpp:16:59:[m[K [01;31m[Kerror: [m[Kno matching function for call to â€˜[01m[KTargetting::create_publisher<Float32Msg>(const char [15], int)[m[Kâ€™
   16 |     desired_angle_pub = [01;31m[Kthis->create_publisher<Float32Msg>([m[K
      |                         [01;31m[K~~~~~~~~~~~~~~~~~~~~~~~~~~~~~~~~~~^[m[K
   17 | [01;31m[K        "/desired_angle", 10)[m[K;
      |         [01;31m[K~~~~~~~~~~~~~~~~~~~~~[m[K                              
In file included from [01m[K/opt/ros/humble/include/rclcpp/rclcpp/executors/single_threaded_executor.hpp:28[m[K,
                 from [01m[K/opt/ros/humble/include/rclcpp/rclcpp/executors.hpp:22[m[K,
                 from [01m[K/opt/ros/humble/include/rclcpp/rclcpp/rclcpp.hpp:155[m[K,
                 from [01m[K/home/quinton/tritonrobotics/training/tr-autonomy-2-rxlc/src/solution/src/targetting.h:4[m[K,
                 from [01m[K/home/quinton/tritonrobotics/training/tr-autonomy-2-rxlc/src/solution/src/targetting.cpp:1[m[K:
[01m[K/opt/ros/humble/include/rclcpp/rclcpp/node.hpp:195:3:[m[K [01;36m[Knote: [m[Kcandidate: â€˜[01m[Ktemplate<class MessageT, class AllocatorT, class PublisherT> std::shared_ptr<PublisherT> rclcpp::Node::create_publisher(const string&, const rclcpp::QoS&, const rclcpp::PublisherOptionsWithAllocator<AllocatorT>&)[m[Kâ€™
  195 |   [01;36m[Kcreate_publisher[m[K(
      |   [01;36m[K^~~~~~~~~~~~~~~~[m[K
[01m[K/opt/ros/humble/include/rclcpp/rclcpp/node.hpp:195:3:[m[K [01;36m[Knote: [m[K  template argument deduction/substitution failed:
[01m[K/home/quinton/tritonrobotics/training/tr-autonomy-2-rxlc/src/solution/src/targetting.cpp:[m[K At global scope:
[01m[K/home/quinton/tritonrobotics/training/tr-autonomy-2-rxlc/src/solution/src/targetting.cpp:22:45:[m[K [01;31m[Kerror: [m[Kâ€˜[01m[KFloat32Msg[m[Kâ€™ does not name a type
   22 | void Targetting::currentAngleCallback(const [01;31m[KFloat32Msg[m[K::SharedPtr msg) {
      |                                             [01;31m[K^~~~~~~~~~[m[K
[01m[K/home/quinton/tritonrobotics/training/tr-autonomy-2-rxlc/src/solution/src/targetting.cpp:22:67:[m[K [01;31m[Kerror: [m[Kexpected unqualified-id before â€˜[01m[Kmsg[m[Kâ€™
   22 | oid Targetting::currentAngleCallback(const Float32Msg::SharedPtr [01;31m[Kmsg[m[K) {
      |                                                                  [01;31m[K^~~[m[K

[01m[K/home/quinton/tritonrobotics/training/tr-autonomy-2-rxlc/src/solution/src/targetting.cpp:22:66:[m[K [01;31m[Kerror: [m[Kexpected â€˜[01m[K)[m[Kâ€™ before â€˜[01m[Kmsg[m[Kâ€™
   22 | oid Targetting::currentAngleCallback[34m[K([m[Kconst Float32Msg::SharedPtr[01;31m[K [m[K[32m[Kmsg[m[K) {
      |                                     [34m[K~[m[K                           [01;31m[K^[m[K[32m[K~~~[m[K
      |                                                                 [32m[K)[m[K
[01m[K/home/quinton/tritonrobotics/training/tr-autonomy-2-rxlc/src/solution/src/targetting.cpp:22:67:[m[K [01;31m[Kerror: [m[Kexpected initializer before â€˜[01m[Kmsg[m[Kâ€™
   22 | oid Targetting::currentAngleCallback(const Float32Msg::SharedPtr [01;31m[Kmsg[m[K) {
      |                                                                  [01;31m[K^~~[m[K

[01m[K/home/quinton/tritonrobotics/training/tr-autonomy-2-rxlc/src/solution/src/targetting.cpp:[m[K In member function â€˜[01m[Kvoid Targetting::imageCallback(sensor_msgs::msg::Image_<std::allocator<void> >::SharedPtr)[m[Kâ€™:
[01m[K/home/quinton/tritonrobotics/training/tr-autonomy-2-rxlc/src/solution/src/targetting.cpp:70:9:[m[K [01;31m[Kerror: [m[Kâ€˜[01m[Kdesired_angle_pub[m[Kâ€™ was not declared in this scope; did you mean â€˜[01m[Kdesired_angle_msg[m[Kâ€™?
   70 |         [01;31m[Kdesired_angle_pub[m[K->publish(desired_angle_msg);
      |         [01;31m[K^~~~~~~~~~~~~~~~~[m[K
      |         [32m[Kdesired_angle_msg[m[K
gmake[2]: *** [CMakeFiles/targetting.dir/build.make:76: CMakeFiles/targetting.dir/src/targetting.cpp.o] Error 1
gmake[1]: *** [CMakeFiles/Makefile2:137: CMakeFiles/targetting.dir/all] Error 2
gmake: *** [Makefile:146: all] Error 2
