[0.032s] Invoking command in '/home/quinton/tritonrobotics/training/tr-autonomy-2-rxlc/src/build/solution': CMAKE_PREFIX_PATH=/opt/ros/humble /usr/bin/cmake /home/quinton/tritonrobotics/training/tr-autonomy-2-rxlc/src/solution -DCMAKE_INSTALL_PREFIX=/home/quinton/tritonrobotics/training/tr-autonomy-2-rxlc/src/install/solution
[0.454s] -- The C compiler identification is GNU 11.4.0
[0.728s] -- The CXX compiler identification is GNU 11.4.0
[0.773s] -- Detecting C compiler ABI info
[1.044s] -- Detecting C compiler ABI info - done
[1.056s] -- Check for working C compiler: /usr/bin/cc - skipped
[1.057s] -- Detecting C compile features
[1.059s] -- Detecting C compile features - done
[1.069s] -- Detecting CXX compiler ABI info
[1.315s] -- Detecting CXX compiler ABI info - done
[1.333s] -- Check for working CXX compiler: /usr/bin/c++ - skipped
[1.334s] -- Detecting CXX compile features
[1.336s] -- Detecting CXX compile features - done
[1.345s] -- Found ament_cmake: 1.3.10 (/opt/ros/humble/share/ament_cmake/cmake)
[1.745s] -- Found Python3: /usr/bin/python3 (found version "3.10.12") found components: Interpreter 
[2.033s] -- Found rclcpp: 16.0.10 (/opt/ros/humble/share/rclcpp/cmake)
[2.199s] -- Found rosidl_generator_c: 3.1.5 (/opt/ros/humble/share/rosidl_generator_c/cmake)
[2.218s] -- Found rosidl_adapter: 3.1.5 (/opt/ros/humble/share/rosidl_adapter/cmake)
[2.255s] -- Found rosidl_generator_cpp: 3.1.5 (/opt/ros/humble/share/rosidl_generator_cpp/cmake)
[2.301s] -- Using all available rosidl_typesupport_c: rosidl_typesupport_fastrtps_c;rosidl_typesupport_introspection_c
[2.358s] -- Using all available rosidl_typesupport_cpp: rosidl_typesupport_fastrtps_cpp;rosidl_typesupport_introspection_cpp
[2.505s] -- Found rmw_implementation_cmake: 6.1.2 (/opt/ros/humble/share/rmw_implementation_cmake/cmake)
[2.517s] -- Found rmw_fastrtps_cpp: 6.2.7 (/opt/ros/humble/share/rmw_fastrtps_cpp/cmake)
[2.786s] -- Found OpenSSL: /usr/lib/x86_64-linux-gnu/libcrypto.so (found version "3.0.2")  
[2.849s] -- Found FastRTPS: /opt/ros/humble/include  
[2.928s] -- Using RMW implementation 'rmw_fastrtps_cpp' as default
[2.960s] -- Looking for pthread.h
[3.194s] -- Looking for pthread.h - found
[3.194s] -- Performing Test CMAKE_HAVE_LIBC_PTHREAD
[3.419s] -- Performing Test CMAKE_HAVE_LIBC_PTHREAD - Success
[3.423s] -- Found Threads: TRUE  
[3.611s] -- Found sensor_msgs: 4.2.4 (/opt/ros/humble/share/sensor_msgs/cmake)
[3.715s] -- Found cv_bridge: 3.2.1 (/opt/ros/humble/share/cv_bridge/cmake)
[3.757s] -- Found OpenCV: /usr (found version "4.5.4") 
[3.929s] -- Configuring done
[3.967s] -- Generating done
[3.967s] -- Build files have been written to: /home/quinton/tritonrobotics/training/tr-autonomy-2-rxlc/src/build/solution
[3.997s] Invoked command in '/home/quinton/tritonrobotics/training/tr-autonomy-2-rxlc/src/build/solution' returned '0': CMAKE_PREFIX_PATH=/opt/ros/humble /usr/bin/cmake /home/quinton/tritonrobotics/training/tr-autonomy-2-rxlc/src/solution -DCMAKE_INSTALL_PREFIX=/home/quinton/tritonrobotics/training/tr-autonomy-2-rxlc/src/install/solution
[3.998s] Invoking command in '/home/quinton/tritonrobotics/training/tr-autonomy-2-rxlc/src/build/solution': CMAKE_PREFIX_PATH=/opt/ros/humble /usr/bin/cmake --build /home/quinton/tritonrobotics/training/tr-autonomy-2-rxlc/src/build/solution -- -j4 -l4
[4.157s] [ 50%] [32mBuilding CXX object CMakeFiles/targetting.dir/src/targetting.cpp.o[0m
[14.443s] In file included from [01m[K/home/quinton/tritonrobotics/training/tr-autonomy-2-rxlc/src/solution/src/targetting.cpp:1[m[K:
[14.443s] [01m[K/home/quinton/tritonrobotics/training/tr-autonomy-2-rxlc/src/solution/src/targetting.h:15:41:[m[K [01;31m[Kerror: [m[Kâ€˜[01m[KFloat32Msg[m[Kâ€™ does not name a type
[14.443s]    15 |         void currentAngleCallback(const [01;31m[KFloat32Msg[m[K::SharedPtr msg);
[14.444s]       |                                         [01;31m[K^~~~~~~~~~[m[K
[14.444s] [01m[K/home/quinton/tritonrobotics/training/tr-autonomy-2-rxlc/src/solution/src/targetting.h:15:63:[m[K [01;31m[Kerror: [m[Kexpected unqualified-id before â€˜[01m[Kmsg[m[Kâ€™
[14.444s]    15 |         void currentAngleCallback(const Float32Msg::SharedPtr [01;31m[Kmsg[m[K);
[14.444s]       |                                                               [01;31m[K^~~[m[K
[14.444s] [01m[K/home/quinton/tritonrobotics/training/tr-autonomy-2-rxlc/src/solution/src/targetting.h:15:62:[m[K [01;31m[Kerror: [m[Kexpected â€˜[01m[K)[m[Kâ€™ before â€˜[01m[Kmsg[m[Kâ€™
[14.444s]    15 |         void currentAngleCallback[34m[K([m[Kconst Float32Msg::SharedPtr[01;31m[K [m[K[32m[Kmsg[m[K);
[14.444s]       |                                  [34m[K~[m[K                           [01;31m[K^[m[K[32m[K~~~[m[K
[14.444s]       |                                                              [32m[K)[m[K
[14.445s] [01m[K/home/quinton/tritonrobotics/training/tr-autonomy-2-rxlc/src/solution/src/targetting.h:15:53:[m[K [01;31m[Kerror: [m[Kexpected â€˜[01m[K;[m[Kâ€™ at end of member declaration
[14.445s]    15 |         void currentAngleCallback(const Float32Msg::[01;31m[KSharedPtr[m[K msg);
[14.445s]       |                                                     [01;31m[K^~~~~~~~~[m[K
[14.445s]       |                                                              [32m[K;[m[K
[14.445s] [01m[K/home/quinton/tritonrobotics/training/tr-autonomy-2-rxlc/src/solution/src/targetting.h:15:63:[m[K [01;31m[Kerror: [m[Kâ€˜[01m[Kmsg[m[Kâ€™ does not name a type
[14.446s]    15 |         void currentAngleCallback(const Float32Msg::SharedPtr [01;31m[Kmsg[m[K);
[14.446s]       |                                                               [01;31m[K^~~[m[K
[14.661s] [01m[K/home/quinton/tritonrobotics/training/tr-autonomy-2-rxlc/src/solution/src/targetting.h:18:30:[m[K [01;31m[Kerror: [m[Kâ€˜[01m[KFloat32Msg[m[Kâ€™ was not declared in this scope
[14.661s]    18 |         rclcpp::Subscription<[01;31m[KFloat32Msg[m[K>::SharedPtr current_angle_sub_;
[14.662s]       |                              [01;31m[K^~~~~~~~~~[m[K
[14.662s] [01m[K/home/quinton/tritonrobotics/training/tr-autonomy-2-rxlc/src/solution/src/targetting.h:18:40:[m[K [01;31m[Kerror: [m[Ktemplate argument 1 is invalid
[14.662s]    18 |         rclcpp::Subscription<Float32Msg[01;31m[K>[m[K::SharedPtr current_angle_sub_;
[14.662s]       |                                        [01;31m[K^[m[K
[14.662s] [01m[K/home/quinton/tritonrobotics/training/tr-autonomy-2-rxlc/src/solution/src/targetting.h:18:40:[m[K [01;31m[Kerror: [m[Ktemplate argument 3 is invalid
[14.662s] [01m[K/home/quinton/tritonrobotics/training/tr-autonomy-2-rxlc/src/solution/src/targetting.h:18:40:[m[K [01;31m[Kerror: [m[Ktemplate argument 4 is invalid
[14.662s] [01m[K/home/quinton/tritonrobotics/training/tr-autonomy-2-rxlc/src/solution/src/targetting.h:18:40:[m[K [01;31m[Kerror: [m[Ktemplate argument 5 is invalid
[14.663s] [01m[K/home/quinton/tritonrobotics/training/tr-autonomy-2-rxlc/src/solution/src/targetting.h:18:43:[m[K [01;31m[Kerror: [m[Kexpected â€˜[01m[K;[m[Kâ€™ at end of member declaration
[14.663s]    18 |         rclcpp::Subscription<Float32Msg>::[01;31m[KSharedPtr[m[K current_angle_sub_;
[14.663s]       |                                           [01;31m[K^~~~~~~~~[m[K
[14.663s]       |                                                    [32m[K;[m[K
[14.668s] [01m[K/home/quinton/tritonrobotics/training/tr-autonomy-2-rxlc/src/solution/src/targetting.h:18:53:[m[K [01;31m[Kerror: [m[Kâ€˜[01m[Kcurrent_angle_sub_[m[Kâ€™ does not name a type
[14.669s]    18 |         rclcpp::Subscription<Float32Msg>::SharedPtr [01;31m[Kcurrent_angle_sub_[m[K;
[14.669s]       |                                                     [01;31m[K^~~~~~~~~~~~~~~~~~[m[K
[14.684s] [01m[K/home/quinton/tritonrobotics/training/tr-autonomy-2-rxlc/src/solution/src/targetting.h:20:27:[m[K [01;31m[Kerror: [m[Kâ€˜[01m[KFloat32Msg[m[Kâ€™ was not declared in this scope
[14.685s]    20 |         rclcpp::Publisher<[01;31m[KFloat32Msg[m[K>::SharedPtr desired_angle_pub;
[14.685s]       |                           [01;31m[K^~~~~~~~~~[m[K
[14.685s] [01m[K/home/quinton/tritonrobotics/training/tr-autonomy-2-rxlc/src/solution/src/targetting.h:20:37:[m[K [01;31m[Kerror: [m[Ktemplate argument 1 is invalid
[14.685s]    20 |         rclcpp::Publisher<Float32Msg[01;31m[K>[m[K::SharedPtr desired_angle_pub;
[14.685s]       |                                     [01;31m[K^[m[K
[14.685s] [01m[K/home/quinton/tritonrobotics/training/tr-autonomy-2-rxlc/src/solution/src/targetting.h:20:40:[m[K [01;31m[Kerror: [m[Kexpected â€˜[01m[K;[m[Kâ€™ at end of member declaration
[14.685s]    20 |         rclcpp::Publisher<Float32Msg>::[01;31m[KSharedPtr[m[K desired_angle_pub;
[14.685s]       |                                        [01;31m[K^~~~~~~~~[m[K
[14.685s]       |                                                 [32m[K;[m[K
[14.686s] [01m[K/home/quinton/tritonrobotics/training/tr-autonomy-2-rxlc/src/solution/src/targetting.h:20:40:[m[K [01;31m[Kerror: [m[Kredeclaration of â€˜[01m[Kint Targetting::SharedPtr[m[Kâ€™
[14.686s] [01m[K/home/quinton/tritonrobotics/training/tr-autonomy-2-rxlc/src/solution/src/targetting.h:18:43:[m[K [01;36m[Knote: [m[Kprevious declaration â€˜[01m[Kint Targetting::SharedPtr[m[Kâ€™
[14.686s]    18 |         rclcpp::Subscription<Float32Msg>::[01;36m[KSharedPtr[m[K current_angle_sub_;
[14.686s]       |                                           [01;36m[K^~~~~~~~~[m[K
[14.692s] [01m[K/home/quinton/tritonrobotics/training/tr-autonomy-2-rxlc/src/solution/src/targetting.h:20:50:[m[K [01;31m[Kerror: [m[Kâ€˜[01m[Kdesired_angle_pub[m[Kâ€™ does not name a type
[14.692s]    20 |         rclcpp::Publisher<Float32Msg>::SharedPtr [01;31m[Kdesired_angle_pub[m[K;
[14.692s]       |                                                  [01;31m[K^~~~~~~~~~~~~~~~~[m[K
[14.759s] [01m[K/home/quinton/tritonrobotics/training/tr-autonomy-2-rxlc/src/solution/src/targetting.cpp:[m[K In constructor â€˜[01m[KTargetting::Targetting()[m[Kâ€™:
[14.759s] [01m[K/home/quinton/tritonrobotics/training/tr-autonomy-2-rxlc/src/solution/src/targetting.cpp:13:5:[m[K [01;31m[Kerror: [m[Kâ€˜[01m[Kcurrent_angle_sub[m[Kâ€™ was not declared in this scope; did you mean â€˜[01m[Kcurrent_angle[m[Kâ€™?
[14.759s]    13 |     [01;31m[Kcurrent_angle_sub[m[K = this->create_subscription<Float32Msg>(
[14.759s]       |     [01;31m[K^~~~~~~~~~~~~~~~~[m[K
[14.759s]       |     [32m[Kcurrent_angle[m[K
[14.775s] [01m[K/home/quinton/tritonrobotics/training/tr-autonomy-2-rxlc/src/solution/src/targetting.cpp:13:51:[m[K [01;31m[Kerror: [m[Kâ€˜[01m[KFloat32Msg[m[Kâ€™ was not declared in this scope
[14.775s]    13 |     current_angle_sub = this->create_subscription<[01;31m[KFloat32Msg[m[K>(
[14.775s]       |                                                   [01;31m[K^~~~~~~~~~[m[K
[14.776s] [01m[K/home/quinton/tritonrobotics/training/tr-autonomy-2-rxlc/src/solution/src/targetting.cpp:14:82:[m[K [01;31m[Kerror: [m[Kâ€˜[01m[K_1[m[Kâ€™ was not declared in this scope; did you mean â€˜[01m[Kstd::placeholders::_1[m[Kâ€™?
[14.776s]    14 | nt_angle", 10, std::bind(&Targetting::currentAngleCallback, this, [01;31m[K_1[m[K));
[14.776s]       |                                                                   [01;31m[K^~[m[K
[14.776s]       |                                                                   [32m[Kstd::placeholders::_1[m[K
[14.776s] In file included from [01m[K/usr/include/c++/11/pstl/glue_algorithm_defs.h:13[m[K,
[14.777s]                  from [01m[K/usr/include/c++/11/algorithm:74[m[K,
[14.777s]                  from [01m[K/opt/ros/humble/include/rclcpp/rclcpp/executor.hpp:18[m[K,
[14.777s]                  from [01m[K/opt/ros/humble/include/rclcpp/rclcpp/executors/multi_threaded_executor.hpp:25[m[K,
[14.777s]                  from [01m[K/opt/ros/humble/include/rclcpp/rclcpp/executors.hpp:21[m[K,
[14.777s]                  from [01m[K/opt/ros/humble/include/rclcpp/rclcpp/rclcpp.hpp:155[m[K,
[14.777s]                  from [01m[K/home/quinton/tritonrobotics/training/tr-autonomy-2-rxlc/src/solution/src/targetting.h:4[m[K,
[14.777s]                  from [01m[K/home/quinton/tritonrobotics/training/tr-autonomy-2-rxlc/src/solution/src/targetting.cpp:1[m[K:
[14.777s] [01m[K/usr/include/c++/11/functional:225:34:[m[K [01;36m[Knote: [m[Kâ€˜[01m[Kstd::placeholders::_1[m[Kâ€™ declared here
[14.777s]   225 |     extern const _Placeholder<1> [01;36m[K_1[m[K;
[14.777s]       |                                  [01;36m[K^~[m[K
[14.800s] [01m[K/home/quinton/tritonrobotics/training/tr-autonomy-2-rxlc/src/solution/src/targetting.cpp:16:5:[m[K [01;31m[Kerror: [m[Kâ€˜[01m[Kdesired_angle_pub[m[Kâ€™ was not declared in this scope
[14.801s]    16 |     [01;31m[Kdesired_angle_pub[m[K = this->create_publisher<Float32Msg>(
[14.801s]       |     [01;31m[K^~~~~~~~~~~~~~~~~[m[K
[14.801s] [01m[K/home/quinton/tritonrobotics/training/tr-autonomy-2-rxlc/src/solution/src/targetting.cpp:16:59:[m[K [01;31m[Kerror: [m[Kno matching function for call to â€˜[01m[KTargetting::create_publisher<Float32Msg>(const char [15], int)[m[Kâ€™
[14.801s]    16 |     desired_angle_pub = [01;31m[Kthis->create_publisher<Float32Msg>([m[K
[14.801s]       |                         [01;31m[K~~~~~~~~~~~~~~~~~~~~~~~~~~~~~~~~~~^[m[K
[14.801s]    17 | [01;31m[K        "/desired_angle", 10)[m[K;
[14.801s]       |         [01;31m[K~~~~~~~~~~~~~~~~~~~~~[m[K                              
[14.801s] In file included from [01m[K/opt/ros/humble/include/rclcpp/rclcpp/executors/single_threaded_executor.hpp:28[m[K,
[14.801s]                  from [01m[K/opt/ros/humble/include/rclcpp/rclcpp/executors.hpp:22[m[K,
[14.801s]                  from [01m[K/opt/ros/humble/include/rclcpp/rclcpp/rclcpp.hpp:155[m[K,
[14.802s]                  from [01m[K/home/quinton/tritonrobotics/training/tr-autonomy-2-rxlc/src/solution/src/targetting.h:4[m[K,
[14.802s]                  from [01m[K/home/quinton/tritonrobotics/training/tr-autonomy-2-rxlc/src/solution/src/targetting.cpp:1[m[K:
[14.802s] [01m[K/opt/ros/humble/include/rclcpp/rclcpp/node.hpp:195:3:[m[K [01;36m[Knote: [m[Kcandidate: â€˜[01m[Ktemplate<class MessageT, class AllocatorT, class PublisherT> std::shared_ptr<PublisherT> rclcpp::Node::create_publisher(const string&, const rclcpp::QoS&, const rclcpp::PublisherOptionsWithAllocator<AllocatorT>&)[m[Kâ€™
[14.802s]   195 |   [01;36m[Kcreate_publisher[m[K(
[14.802s]       |   [01;36m[K^~~~~~~~~~~~~~~~[m[K
[14.802s] [01m[K/opt/ros/humble/include/rclcpp/rclcpp/node.hpp:195:3:[m[K [01;36m[Knote: [m[K  template argument deduction/substitution failed:
[14.806s] [01m[K/home/quinton/tritonrobotics/training/tr-autonomy-2-rxlc/src/solution/src/targetting.cpp:[m[K At global scope:
[14.807s] [01m[K/home/quinton/tritonrobotics/training/tr-autonomy-2-rxlc/src/solution/src/targetting.cpp:22:45:[m[K [01;31m[Kerror: [m[Kâ€˜[01m[KFloat32Msg[m[Kâ€™ does not name a type
[14.807s]    22 | void Targetting::currentAngleCallback(const [01;31m[KFloat32Msg[m[K::SharedPtr msg) {
[14.807s]       |                                             [01;31m[K^~~~~~~~~~[m[K
[14.807s] [01m[K/home/quinton/tritonrobotics/training/tr-autonomy-2-rxlc/src/solution/src/targetting.cpp:22:67:[m[K [01;31m[Kerror: [m[Kexpected unqualified-id before â€˜[01m[Kmsg[m[Kâ€™
[14.807s]    22 | oid Targetting::currentAngleCallback(const Float32Msg::SharedPtr [01;31m[Kmsg[m[K) {
[14.807s]       |                                                                  [01;31m[K^~~[m[K
[14.807s] 
[14.808s] [01m[K/home/quinton/tritonrobotics/training/tr-autonomy-2-rxlc/src/solution/src/targetting.cpp:22:66:[m[K [01;31m[Kerror: [m[Kexpected â€˜[01m[K)[m[Kâ€™ before â€˜[01m[Kmsg[m[Kâ€™
[14.808s]    22 | oid Targetting::currentAngleCallback[34m[K([m[Kconst Float32Msg::SharedPtr[01;31m[K [m[K[32m[Kmsg[m[K) {
[14.808s]       |                                     [34m[K~[m[K                           [01;31m[K^[m[K[32m[K~~~[m[K
[14.808s]       |                                                                 [32m[K)[m[K
[14.808s] [01m[K/home/quinton/tritonrobotics/training/tr-autonomy-2-rxlc/src/solution/src/targetting.cpp:22:67:[m[K [01;31m[Kerror: [m[Kexpected initializer before â€˜[01m[Kmsg[m[Kâ€™
[14.808s]    22 | oid Targetting::currentAngleCallback(const Float32Msg::SharedPtr [01;31m[Kmsg[m[K) {
[14.808s]       |                                                                  [01;31m[K^~~[m[K
[14.808s] 
[14.870s] [01m[K/home/quinton/tritonrobotics/training/tr-autonomy-2-rxlc/src/solution/src/targetting.cpp:[m[K In member function â€˜[01m[Kvoid Targetting::imageCallback(sensor_msgs::msg::Image_<std::allocator<void> >::SharedPtr)[m[Kâ€™:
[14.870s] [01m[K/home/quinton/tritonrobotics/training/tr-autonomy-2-rxlc/src/solution/src/targetting.cpp:68:24:[m[K [01;31m[Kerror: [m[Kâ€˜[01m[KFloat32[m[Kâ€™ is not a member of â€˜[01m[Kstd_msgs::msg[m[Kâ€™
[14.870s]    68 |         std_msgs::msg::[01;31m[KFloat32[m[K desired_angle_msg;
[14.870s]       |                        [01;31m[K^~~~~~~[m[K
[14.899s] [01m[K/home/quinton/tritonrobotics/training/tr-autonomy-2-rxlc/src/solution/src/targetting.cpp:69:9:[m[K [01;31m[Kerror: [m[Kâ€˜[01m[Kdesired_angle_msg[m[Kâ€™ was not declared in this scope; did you mean â€˜[01m[Kdesired_angle[m[Kâ€™?
[14.900s]    69 |         [01;31m[Kdesired_angle_msg[m[K.data = desired_angle;
[14.900s]       |         [01;31m[K^~~~~~~~~~~~~~~~~[m[K
[14.900s]       |         [32m[Kdesired_angle[m[K
[14.914s] [01m[K/home/quinton/tritonrobotics/training/tr-autonomy-2-rxlc/src/solution/src/targetting.cpp:70:9:[m[K [01;31m[Kerror: [m[Kâ€˜[01m[Kdesired_angle_pub[m[Kâ€™ was not declared in this scope; did you mean â€˜[01m[Kdesired_angle[m[Kâ€™?
[14.914s]    70 |         [01;31m[Kdesired_angle_pub[m[K->publish(desired_angle_msg);
[14.914s]       |         [01;31m[K^~~~~~~~~~~~~~~~~[m[K
[14.915s]       |         [32m[Kdesired_angle[m[K
[24.037s] gmake[2]: *** [CMakeFiles/targetting.dir/build.make:76: CMakeFiles/targetting.dir/src/targetting.cpp.o] Error 1
[24.038s] gmake[1]: *** [CMakeFiles/Makefile2:137: CMakeFiles/targetting.dir/all] Error 2
[24.038s] gmake: *** [Makefile:146: all] Error 2
[24.044s] Invoked command in '/home/quinton/tritonrobotics/training/tr-autonomy-2-rxlc/src/build/solution' returned '2': CMAKE_PREFIX_PATH=/opt/ros/humble /usr/bin/cmake --build /home/quinton/tritonrobotics/training/tr-autonomy-2-rxlc/src/build/solution -- -j4 -l4
